📄 Tổng hợp kết quả pipeline
=====================================

nequi-utils-4.1.0: M1, M2, M3, M4
amap-core-2.0.1: M1, M2
vertical-navigation-35.0.0: M2
amhairc-web-6.0.0: BENIGN
tendable-99.0.1: M1, M2, M3
sso-map-1.999.0: M2, M3, M4
jupiter-opensdk-9.999.0: M2, M3, M4
angl-archtslint-2.0.1: M1, M2
h_test6-2.0.0: M2
direct-debit-35.0.0: M2
oy-cms-analytics-2.2.1: M1, M2
corporate-delegate-packages-2.0.0: M1, M2, M4
ivr-payments-1.2.3: M1, M2, M3
ngx-iceberg-395.0.0-beta.1: BENIGN
fiji-core-framework-9.999.0: M2, M3, M4
a11y-test-app-1.0.0: M1, M2, M3
trust-feature-bank-ui-1.0.5-rc.1: M1, M2, M3
ux-authentication-auth0-1.0.2: M1, M2, M3
bykea-50.50.50: M1, M2, M3
lp-vue-components-99.0.0: M1, M2, M3
ngx-iceberg-links-395.0.0-beta.1: BENIGN
file-format-series-json-to-sketch-99.99.0: M1, M2, M3
pp-profile-widget-35.0.0: M2
lbank-ui-3000.0.0: M2, M3, M4
chegg-contentful-2.0.0: M2, M3, M4
dr-elephant-1.0.0: M1, M2, M3
auto-assign-team-action-2000.0.0: M1, M2, M3
eeforemon-1.999.0: M2, M3, M4
sketch-71-symbol-resync-99.99.0: M1, M2, M3
ttwehave-1.0.0: M1, M2
mfp-test-repo-0.1.1: M1, M2, M3
vforvenom-1.999.0: M2, M3, M4
test-hacker-sharma-1.0.10: M1, M2
react-spa-35.0.0: M2
stitch-fix-men-2023.1.2: M1, M2, M3
apps-35.0.0: M2
testingsomethingforscanner-35.0.0: M2
surf-sharekit-frontend-9.9.7: M1, M2, M3
foremon78-1.999.0: M2, M3, M4
alksjdaskldjklj12kl3jkl12jkljaskldjaklsjdlkashjflksdjhfgkldsjlkgop123i4poiopals-99.0.0: M1, M2, M3
cms-datocms-9.9.9: M2, M3, M4
mfp-food-diary-0.1.2: M1, M2, M3
package-shopify-tester-99.99.99: M1, M2, M3
ruamel.yaml.clib-0.1.2: M1, M2, M3
capital-35.0.0: M2
wessycord-1.0.1: M2
integrations-35.0.0: M2
rippling-flux-dev-1.0.0: BENIGN
docker-slim-action-9.9.9: M2, M3, M4
rippling-flux-dev-tools-0.0.2: M1, M2
component-store-selector-99.0.1: M1, M2, M3
component-lightbox-99.0.1: M1, M2, M3
firefly-utilities-helper-ts-1.1.14: M1, M2, M3
pro-icons-99.99.99: M1, M2, M3
pb-styles-v1-5.1.1: M1, M2, M3
happa-9.9.9: M2, M3, M4
pdfjs2-2.2.3: M1, M2, M3
solodev-cms-10.1.1: M1, M2, M3
bank-settings-35.0.0: M2
grafana__slate-react-1.0.10: M1, M2, M3
component-price-module-99.0.1: M1, M2, M3
regily-1.0.0: M1, M2, M3
ez-retro-server-2.0.0: M1, M2, M3
by-storage-1.15.11: M1, M2, M3
twodc-visualizer-1.6.3: M1, M2
component-popover-99.0.1: M1, M2, M3
subspace-relayer-front-end-4.4.4: M2
fluent-system-icons-19.9.9: M1, M2, M3
lookerbot-2000.0.0: M1, M2, M3
rambox-1.0.0: BENIGN
dell-microapp-core-ng-2000.0.0: M1, M2, M3
staff-account-35.0.0: M2
website-frontend-cms-99.99.0: M1, M2, M3
sw-i18n-1.999.0: M2, M3, M4
settings-35.0.0: M2
eslint-config-lf-eslint-99.99.99: M1, M2
portal-env-1.0.0: BENIGN
airbnb-i18n-polyglot-99.99.99: M1, M2
smeeh-administration-10.0.0: M1, M2, M3
node-jhs-1.0.3: BENIGN
banglamart-module-1.0.3: BENIGN
very-bad-transitive-pkg-1.0.2: M2
remove-pr-labels-1.1.0: M1, M2, M3
iniconfig-2.0.0: M1, M2
component-financial-services-99.0.1: M1, M2, M3
papaya_banana_evil-4.0.0: M2
airbnb-mediator-99.99.99: M1, M2
airbnb-l10n-99.99.99: M1, M2
exceptiongroup-1.1.3: M1, M2
vforemon-1.999.0: M2, M3, M4
signalr-temp-client-20.20.0: M1, M2
pickby-9.9.9: M1, M2, M3
trino-webui-1.0.1: M1, M2
react-router-dom-35.0.0: M2
flux_dev_tools-0.0.1: M1, M2, M3
docusaurus-template-1.0.1: M1, M2
azure-rest-api-specs-eng-tools-9.3.4: M1, M2, M3
brum-global-variable-98.98.2: M2, M3
owasp-zap-extension-0.0.3: M1, M2, M3
venomemon-1.999.0: M2, M3, M4
purplebricks-administration-7.0.0: M1, M2, M3
importlib-metadata-1.0.0: M1, M2, M3
pkg-with-peer-deps-1.999.1: M2, M3, M5
js2restutils-99.0.0: M1, M2, M3
totaraenterprise-1.0.0: BENIGN
nx-vaults-1.0.0: M2
foremonnn-1.999.0: M2, M3, M4
fallen-fallen-web-1.0.0: M1, M2, M3
customers-35.0.0: M2
mc-dxp-6.0.2: M1, M2, M3
gatecrash-10.999.0: M2, M3, M4
together-app-1.0.0: M1, M2, M3
act-rules.github.io-1.0.10: M1, M2, M3
netbet_react-5.0.4: M2
source-registry-storage-adapter-1.0.0: M1, M2, M3
dm_commons_utilities-99.99.0: M1, M2, M3
emails-helper-2.0.20230825132218: M2
dep_test_for_mal2-2.0.3: M2
awell-libs-1.999.0: M2, M3, M4
pingserver-test.01-1.1.0: M2
js-starter-code-1.1.1: M1, M2, M3
wdpr-ra-appdynamics-node-5.0.0: M1, M2, M3
mijngemeente-gateway-99.99.0: M1, M2, M3
b2b-canaisdigitais-3.4.7: M1
dionysos-frame-manager-0.2.1: M1, M2
symphony-monorepo-1.0.1: BENIGN
account-statement-35.0.0: M2
cusip-99.99.99: M1, M2
lp-transporter-99.0.0: M1, M2, M3
sketch-ipsum-99.99.0: M1, M2, M3
gtm-js-99.99.99: M1, M2
le-core-infra-99.0.0: M1, M2, M3
adidas-data-mesh-9.9.8: M1, M2, M3
library.cycle.c-1.0.0: M1, M2, M3
send-orchestrator-event-lambda-8.8.8: M1, M2, M3
sodalite-0.23.1: M1, M2, M3
mecfront-2.0.1: M1, M2
shell-35.0.0: M2
purplebricks-frontend-core-7.0.0: M1, M2, M3
relay-github-root-2000.0.0: M1, M2, M3
react-35.0.0: M2
bbc-iplayer-sounds-chatbot-11.9.4: BENIGN
developer-scaffold-full-width-wrapper-1.9.2: M1, M2, M3
dep_mal2-1.0.0: M2
rippling-flux-sdk-0.0.3: M1, M2
cncf-interactive-landscape-1.0.0: M1, M2, M3
producer-journey-1.0.4: BENIGN
scbe-1.0.0: M1, M2, M3
shared-395.0.0-beta.1: BENIGN
dashboard-35.0.0: M2
scoot-layout-components-1.0.0: M1, M2, M3
bistrosk-1.0.0: M1, M2, M3
nextcloud-api-sdk-1.1.1: M1, M2, M3
react-toolbox-docs-1.0.1: M1, M2
tema-cnp-3.99.999: M2, M3, M4
mediaspace-1.0.0: M1, M2, M3
airbnb-erf-99.99.99: M1, M2
docusaurus-plugin-matamo-1.0.1: M1, M2
pdfjs2-5.2.3: M1, M2, M3
brum-global-variable-98.98.1: M2, M3
paypal-validators-1.0.0: BENIGN
gapps-automation-9.9.9: M2, M3, M4
jsdocument-1.0.34: BENIGN
react-intl-cdo-1.0.0: M1, M2, M3
noblox.js-vps-4.18.0: BENIGN
fiji-core-cryptopool-9.999.0: M2, M3, M4
wire-contracts-7.0.0: M1, M2, M3, M5
jupiter-i18n-9.999.0: M2, M3, M4
overstock-logger-59.2.12: M2, M5
cash-register-35.0.0: M2
postal-node-1.0.0: BENIGN
component-text-99.0.1: M1, M2, M3
telebot-lib-1.0.19: BENIGN
sssssssignalr-temp-client-20.20.0: M1, M2
mz-test-1.1.1: M1, M2, M3
globalhackaton-1.0.1: M1, M2, M3
papaya_pear_vicious-5.0.0: M2
superset-cypress-1.0.1: M1, M2
test-dependency-confusion-new-1.0.10: M1, M2, M3
goingwithflow-6.9.9: M2
sw-kendo-atomic-theme-1.999.0: M2, M3, M4
cnp_al_corp_front-0.1.999: M2, M3, M4
airbnb-env-99.99.991: M1, M2
svgo-compressor-99.99.0: M1, M2, M3
account-settings-35.0.0: M2
asgiref-1.0.0: M1, M2, M3
hyperion-autologging-1.0.10: M1, M2, M3
anddone-node-common-1.0.3: BENIGN
coinbase-wallet-sdk-9.9.99: M1, M2, M3
flux_dev_tools.server.flask-1.0.0: M1, M2, M3
eslint-config-bsee-99.99.99: M1, M2
ghostfiles-1.0.10: M2
testhacknowz-1.0.0: M1, M2, M3
lbank-request-3000.0.0: M2, M3, M4
mparticle-roku-sdk-99999.1.15: M1, M2, M3
eslint-config-vdkweb-7.32.3: M1, M2, M3
cz-react-ui-library-8.0.0: M1, M2, M3
fiji-core-foundation-9.999.0: M2, M3, M4
products-35.0.0: M2
fiji-core-foc-9.999.0: M2, M3, M4
malware-simulator-0.0.3: M1, M2, M5
stitch-fix-men-2023.1.0: M1, M2
receipts-35.0.0: M2
inventory-35.0.0: M2
feature-flag-framework-9.999.0: M2, M3, M4
paysecuretest-99.9.9: M1, M2, M3
invoices-35.0.0: M2
ls_sdk-1.0.0: BENIGN
pxs-map-99.99.991: M1, M2
routes-35.0.0: M2
opensource-website-1.0.0: M1, M2, M3
test-package-ings-1.0.2: M1, M2, M4, M5
bootstrapper-35.0.0: M2
iceberg-395.0.0-beta.1: BENIGN
course-structure-debugger-11.999.0: M2, M3, M4
n-messaging-client-99999.4.0: M1, M2
ruamel-yaml-clib-1.0.0: BENIGN
scoot-tracking-1.0.2: M1, M2, M3
symbl_ai-1.0.0: M2, M3
sales-trends-35.0.0: M2
launchdarkly-cpp-internal-9.9.9: M1, M2
cz-react-ui-library-8.0.00.2: 
fca-dongsexx-1.7.5: BENIGN
course-structure-debugger-10.999.0: M2, M3, M4
fluent-icons-library-99.9.90: M1, M2, M3
jupiter-emoji-9.999.0: M2, M3, M4
puppeteer-example-0.1.4: M1, M2, M3
payuangular-15.0.1: M2, M3, M4
sharinj-test-1.0.0: M1, M2, M3
pa-mojs-1.3.8: M2

📊 Thống kê tổng hợp
=====================================
BENIGN: 23 gói (10.0%)
M1: 129 gói (56.09%)
M2: 205 gói (89.13%)
M3: 128 gói (55.65%)
M4: 34 gói (14.78%)
M5: 5 gói (2.17%)

📦 Tổng số gói đã xử lý: 230
